2026-03-26 09:57:22: [dotenv@17.3.1] injecting env (9) from .env -- tip: ⚙️  specify custom .env file path with { path: '/custom/path/.env' }
2026-03-26 09:57:22: [dotenv@17.3.1] injecting env (9) from .env -- tip: ⚙️  write to custom object with { processEnv: myObject }
2026-03-26 09:57:22: [dotenv@17.3.1] injecting env (9) from .env -- tip: ⚙️  override existing env vars with { override: true }
2026-03-26 09:57:22: [dotenv@17.3.1] injecting env (9) from .env -- tip: ⚙️  load multiple .env files with { path: ['.env.local', '.env'] }
2026-03-26 09:57:22: [dotenv@17.3.1] injecting env (9) from .env -- tip: ⚙️  load multiple .env files with { path: ['.env.local', '.env'] }
2026-03-26 09:57:23: [dotenv@17.3.1] injecting env (9) from .env -- tip: 🔐 prevent committing .env to code: https://dotenvx.com/precommit
2026-03-26 09:57:23: [dotenv@17.3.1] injecting env (9) from .env -- tip: 🛡️ auth for agents: https://vestauth.com
2026-03-26 09:57:23: [dotenv@17.3.1] injecting env (9) from .env -- tip: ⚙️  suppress all logs with { quiet: true }
2026-03-26 09:57:23: [dotenv@17.3.1] injecting env (9) from .env -- tip: 🔐 encrypt with Dotenvx: https://dotenvx.com
2026-03-26 09:57:23: [dotenv@17.3.1] injecting env (9) from .env -- tip: 🤖 agentic secret storage: https://dotenvx.com/as2
2026-03-26 09:57:23: [dotenv@17.3.1] injecting env (9) from .env -- tip: ⚙️  enable debug logging with { debug: true }
2026-03-26 09:57:24: [dotenv@17.3.1] injecting env (9) from .env -- tip: 🤖 agentic secret storage: https://dotenvx.com/as2
2026-03-26 09:57:24: [dotenv@17.3.1] injecting env (9) from .env -- tip: 🔐 prevent committing .env to code: https://dotenvx.com/precommit
2026-03-26 09:57:24: [dotenv@17.3.1] injecting env (9) from .env -- tip: ⚙️  load multiple .env files with { path: ['.env.local', '.env'] }
2026-03-26 09:57:24: [dotenv@17.3.1] injecting env (9) from .env -- tip: ⚡️ secrets for agents: https://dotenvx.com/as2
2026-03-26 09:57:22: Swagger Docs mapped to /api-docs
2026-03-26 09:57:23: [dotenv@17.3.1] injecting env (0) from .env -- tip: ⚙️  override existing env vars with { override: true }
2026-03-26 09:57:23: [dotenv@17.3.1] injecting env (0) from .env -- tip: 🤖 agentic secret storage: https://dotenvx.com/as2
2026-03-26 09:57:23: [dotenv@17.3.1] injecting env (0) from .env -- tip: 🛠️  run anywhere with `dotenvx run -- yourcommand`
2026-03-26 09:57:22: Swagger Docs mapped to /api-docs
2026-03-26 09:57:23: [dotenv@17.3.1] injecting env (0) from .env -- tip: 🛡️ auth for agents: https://vestauth.com
2026-03-26 09:57:23: [dotenv@17.3.1] injecting env (0) from .env -- tip: 🛡️ auth for agents: https://vestauth.com
2026-03-26 09:57:23: [dotenv@17.3.1] injecting env (0) from .env -- tip: 🔐 prevent committing .env to code: https://dotenvx.com/precommit
2026-03-26 09:57:23: Swagger Docs mapped to /api-docs
2026-03-26 09:57:23: [dotenv@17.3.1] injecting env (0) from .env -- tip: 🛠️  run anywhere with `dotenvx run -- yourcommand`
2026-03-26 09:57:23: [dotenv@17.3.1] injecting env (0) from .env -- tip: ⚙️  write to custom object with { processEnv: myObject }
2026-03-26 09:57:23: [dotenv@17.3.1] injecting env (0) from .env -- tip: 🛠️  run anywhere with `dotenvx run -- yourcommand`
2026-03-26 09:57:22: Swagger Docs mapped to /api-docs
2026-03-26 09:57:23: [dotenv@17.3.1] injecting env (0) from .env -- tip: ⚙️  write to custom object with { processEnv: myObject }
2026-03-26 09:57:23: [dotenv@17.3.1] injecting env (0) from .env -- tip: 🔐 encrypt with Dotenvx: https://dotenvx.com
2026-03-26 09:57:23: [dotenv@17.3.1] injecting env (0) from .env -- tip: ⚙️  write to custom object with { processEnv: myObject }
2026-03-26 09:57:23: Swagger Docs mapped to /api-docs
2026-03-26 09:57:23: [dotenv@17.3.1] injecting env (0) from .env -- tip: ⚙️  write to custom object with { processEnv: myObject }
2026-03-26 09:57:23: [dotenv@17.3.1] injecting env (0) from .env -- tip: 🛠️  run anywhere with `dotenvx run -- yourcommand`
2026-03-26 09:57:23: [dotenv@17.3.1] injecting env (0) from .env -- tip: ⚙️  write to custom object with { processEnv: myObject }
2026-03-26 09:57:23: Swagger Docs mapped to /api-docs
2026-03-26 09:57:23: [dotenv@17.3.1] injecting env (0) from .env -- tip: ⚙️  override existing env vars with { override: true }
2026-03-26 09:57:23: [dotenv@17.3.1] injecting env (0) from .env -- tip: ⚙️  enable debug logging with { debug: true }
2026-03-26 09:57:23: [dotenv@17.3.1] injecting env (0) from .env -- tip: ⚙️  load multiple .env files with { path: ['.env.local', '.env'] }
2026-03-26 09:57:24: [SERVER] Running in production mode on port 5000
2026-03-26 09:57:24: [SERVER] Health: http://localhost:5000/api/health
2026-03-26 09:57:24: [SERVER] Running in production mode on port 5000
2026-03-26 09:57:24: [SERVER] Health: http://localhost:5000/api/health
2026-03-26 09:57:24: [SERVER] Running in production mode on port 5000
2026-03-26 09:57:24: [SERVER] Health: http://localhost:5000/api/health
2026-03-26 09:57:24: [SERVER] Running in production mode on port 5000
2026-03-26 09:57:24: [SERVER] Health: http://localhost:5000/api/health
2026-03-26 09:57:24: [SERVER] Running in production mode on port 5000
2026-03-26 09:57:24: [SERVER] Health: http://localhost:5000/api/health
2026-03-26 09:57:24: [SERVER] Running in production mode on port 5000
2026-03-26 09:57:24: [SERVER] Health: http://localhost:5000/api/health
2026-03-26 09:57:23: Swagger Docs mapped to /api-docs
2026-03-26 09:57:23: [dotenv@17.3.1] injecting env (0) from .env -- tip: 🔐 encrypt with Dotenvx: https://dotenvx.com
2026-03-26 09:57:23: [dotenv@17.3.1] injecting env (0) from .env -- tip: 🤖 agentic secret storage: https://dotenvx.com/as2
2026-03-26 09:57:23: [dotenv@17.3.1] injecting env (0) from .env -- tip: ⚡️ secrets for agents: https://dotenvx.com/as2
2026-03-26 09:57:24: [SERVER] Running in production mode on port 5000
2026-03-26 09:57:24: [SERVER] Health: http://localhost:5000/api/health
2026-03-26 09:57:23: Swagger Docs mapped to /api-docs
2026-03-26 09:57:23: [dotenv@17.3.1] injecting env (0) from .env -- tip: 🛠️  run anywhere with `dotenvx run -- yourcommand`
2026-03-26 09:57:23: [dotenv@17.3.1] injecting env (0) from .env -- tip: 🔐 prevent committing .env to code: https://dotenvx.com/precommit
2026-03-26 09:57:24: [dotenv@17.3.1] injecting env (0) from .env -- tip: ⚙️  write to custom object with { processEnv: myObject }
2026-03-26 09:57:24: [SERVER] Running in production mode on port 5000
2026-03-26 09:57:24: [SERVER] Health: http://localhost:5000/api/health
2026-03-26 09:57:24: [dotenv@17.3.1] injecting env (9) from .env -- tip: ⚙️  write to custom object with { processEnv: myObject }
2026-03-26 09:57:23: Swagger Docs mapped to /api-docs
2026-03-26 09:57:24: [dotenv@17.3.1] injecting env (0) from .env -- tip: 🔐 prevent committing .env to code: https://dotenvx.com/precommit
2026-03-26 09:57:24: [dotenv@17.3.1] injecting env (0) from .env -- tip: 🔐 prevent committing .env to code: https://dotenvx.com/precommit
2026-03-26 09:57:24: [dotenv@17.3.1] injecting env (0) from .env -- tip: ⚙️  override existing env vars with { override: true }
2026-03-26 09:57:25: [SERVER] Running in production mode on port 5000
2026-03-26 09:57:25: [SERVER] Health: http://localhost:5000/api/health
2026-03-26 09:57:24: Swagger Docs mapped to /api-docs
2026-03-26 09:57:24: [dotenv@17.3.1] injecting env (0) from .env -- tip: ⚙️  suppress all logs with { quiet: true }
2026-03-26 09:57:24: [dotenv@17.3.1] injecting env (0) from .env -- tip: ⚙️  write to custom object with { processEnv: myObject }
2026-03-26 09:57:24: [dotenv@17.3.1] injecting env (0) from .env -- tip: 🔐 prevent committing .env to code: https://dotenvx.com/precommit
2026-03-26 09:57:25: [SERVER] Running in production mode on port 5000
2026-03-26 09:57:25: [SERVER] Health: http://localhost:5000/api/health
2026-03-26 09:57:24: Swagger Docs mapped to /api-docs
2026-03-26 09:57:24: [dotenv@17.3.1] injecting env (0) from .env -- tip: ⚡️ secrets for agents: https://dotenvx.com/as2
2026-03-26 09:57:24: [dotenv@17.3.1] injecting env (0) from .env -- tip: ⚙️  suppress all logs with { quiet: true }
2026-03-26 09:57:24: [dotenv@17.3.1] injecting env (0) from .env -- tip: ⚙️  specify custom .env file path with { path: '/custom/path/.env' }
2026-03-26 09:57:25: [SERVER] Running in production mode on port 5000
2026-03-26 09:57:25: [SERVER] Health: http://localhost:5000/api/health
2026-03-26 09:57:24: Swagger Docs mapped to /api-docs
2026-03-26 09:57:24: [dotenv@17.3.1] injecting env (0) from .env -- tip: 🔐 prevent committing .env to code: https://dotenvx.com/precommit
2026-03-26 09:57:24: [dotenv@17.3.1] injecting env (0) from .env -- tip: ⚙️  write to custom object with { processEnv: myObject }
2026-03-26 09:57:24: [dotenv@17.3.1] injecting env (0) from .env -- tip: ⚙️  write to custom object with { processEnv: myObject }
2026-03-26 09:57:25: [SERVER] Running in production mode on port 5000
2026-03-26 09:57:25: [SERVER] Health: http://localhost:5000/api/health
2026-03-26 09:57:24: Swagger Docs mapped to /api-docs
2026-03-26 09:57:24: [dotenv@17.3.1] injecting env (0) from .env -- tip: 🔐 prevent building .env in docker: https://dotenvx.com/prebuild
2026-03-26 09:57:24: [dotenv@17.3.1] injecting env (0) from .env -- tip: ⚙️  enable debug logging with { debug: true }
2026-03-26 09:57:25: [dotenv@17.3.1] injecting env (0) from .env -- tip: ⚙️  override existing env vars with { override: true }
2026-03-26 09:57:25: [SERVER] Running in production mode on port 5000
2026-03-26 09:57:25: [SERVER] Health: http://localhost:5000/api/health
2026-03-26 09:57:24: Swagger Docs mapped to /api-docs
2026-03-26 09:57:24: [dotenv@17.3.1] injecting env (0) from .env -- tip: ⚙️  specify custom .env file path with { path: '/custom/path/.env' }
2026-03-26 09:57:24: [dotenv@17.3.1] injecting env (0) from .env -- tip: 🔐 prevent committing .env to code: https://dotenvx.com/precommit
2026-03-26 09:57:25: [dotenv@17.3.1] injecting env (0) from .env -- tip: 🔐 prevent building .env in docker: https://dotenvx.com/prebuild
2026-03-26 09:57:25: [SERVER] Running in production mode on port 5000
2026-03-26 09:57:25: [SERVER] Health: http://localhost:5000/api/health
2026-03-26 09:57:24: Swagger Docs mapped to /api-docs
2026-03-26 09:57:25: [dotenv@17.3.1] injecting env (0) from .env -- tip: ⚙️  suppress all logs with { quiet: true }
2026-03-26 09:57:25: [dotenv@17.3.1] injecting env (0) from .env -- tip: ⚙️  write to custom object with { processEnv: myObject }
2026-03-26 09:57:25: [dotenv@17.3.1] injecting env (0) from .env -- tip: 🛠️  run anywhere with `dotenvx run -- yourcommand`
2026-03-26 09:57:25: [SERVER] Running in production mode on port 5000
2026-03-26 09:57:25: [SERVER] Health: http://localhost:5000/api/health
2026-03-26 09:57:25: Swagger Docs mapped to /api-docs
2026-03-26 09:57:25: [dotenv@17.3.1] injecting env (0) from .env -- tip: ⚡️ secrets for agents: https://dotenvx.com/as2
2026-03-26 09:57:25: [dotenv@17.3.1] injecting env (0) from .env -- tip: ⚙️  write to custom object with { processEnv: myObject }
2026-03-26 09:57:25: [dotenv@17.3.1] injecting env (0) from .env -- tip: ⚙️  enable debug logging with { debug: true }
2026-03-26 09:57:25: [SERVER] Running in production mode on port 5000
2026-03-26 09:57:25: [SERVER] Health: http://localhost:5000/api/health
